Worker:6001 [INFO] Worker:6001 Starting worker at localhost:6001
Worker:6001 [INFO] Worker:6001 connecting to localhost:6000
Worker:6001 [INFO] TCP Server listening on localhost:6001
Worker:6001 [INFO] message_str: {"message_type": "register_ack"}
Worker:6001 [INFO] This is the message dict:
{
  "message_type": "register_ack"
}
Worker:6001 [INFO] Worker:6001 registered. Heartbeat started.
Worker:6001 [INFO] message_str: {"message_type": "new_map_task", "task_id": 1, "input_paths": ["tests/testdata/input_small/file02"], "executable": "tests/testdata/exec/wc_map_slow.sh", "output_directory": "/tmp/mapreduce-shared-job00000-ejj77a08", "num_partitions": 2}
Worker:6001 [INFO] This is the message dict:
{
  "message_type": "new_map_task",
  "task_id": 1,
  "input_paths": [
    "tests/testdata/input_small/file02"
  ],
  "executable": "tests/testdata/exec/wc_map_slow.sh",
  "output_directory": "/tmp/mapreduce-shared-job00000-ejj77a08",
  "num_partitions": 2
}
Worker:6001 [INFO] Worker:6001 [INFO] Tmpdir created at /tmp/mapreduce-local-task00001-qkyz7doi
Worker:6001 [INFO] Worker:6001 [INFO] Executed tests/testdata/exec/wc_map_slow.sh input=tests/testdata/input_small/file02
Worker:6001 [INFO] Worker:6001 [INFO] Moved /tmp/mapreduce-local-task00001-qkyz7doi/maptask00001-part00000 -> /tmp/mapreduce-shared-job00000-ejj77a08/maptask00001-part00000
Worker:6001 [INFO] Worker:6001 [INFO] Moved /tmp/mapreduce-local-task00001-qkyz7doi/maptask00001-part00001 -> /tmp/mapreduce-shared-job00000-ejj77a08/maptask00001-part00001
Worker:6001 [INFO] Worker:6001 [INFO] Removed /tmp/mapreduce-local-task00001-qkyz7doi
Worker:6001 [INFO] message_str: {"message_type": "new_reduce_task", "task_id": 1, "executable": "tests/testdata/exec/wc_reduce_slow.sh", "input_paths": ["/tmp/mapreduce-shared-job00000-ejj77a08/maptask00000-part00001", "/tmp/mapreduce-shared-job00000-ejj77a08/maptask00001-part00001"], "output_directory": "output"}
Worker:6001 [INFO] This is the message dict:
{
  "message_type": "new_reduce_task",
  "task_id": 1,
  "executable": "tests/testdata/exec/wc_reduce_slow.sh",
  "input_paths": [
    "/tmp/mapreduce-shared-job00000-ejj77a08/maptask00000-part00001",
    "/tmp/mapreduce-shared-job00000-ejj77a08/maptask00001-part00001"
  ],
  "output_directory": "output"
}
Worker:6001 [INFO] Worker:6001 [INFO] Executed tests/testdata/exec/wc_reduce_slow.sh
Worker:6001 [INFO] Worker:6001 [INFO] /tmp/mapreduce-local-task00001-v90njlf8/part-00001 -> output/part-00001
Worker:6001 [INFO] Worker:6001 [INFO] Removed /tmp/mapreduce-local-task00001-v90njlf8
Worker:6001 [INFO] message_str: {"message_type": "shutdown"}
Worker:6001 [INFO] This is the message dict:
{
  "message_type": "shutdown"
}
